The system is: Linux - 3.10.0-1160.el7.x86_64 - x86_64
Compiling the CXX compiler identification source file "CMakeCXXCompilerId.cpp" succeeded.
Compiler: /apps/sylar/bin/c++ 
Build flags: 
Id flags:  

The output was:
0


Compilation of the CXX compiler identification source "CMakeCXXCompilerId.cpp" produced "a.out"

The CXX compiler identification is GNU, found in "/home/qlinux/CPP/myPrac/NetProgram/mymuduo/08/build/debug/CMakeFiles/3.14.5/CompilerIdCXX/a.out"

Determining if the CXX compiler works passed with the following output:
Change Dir: /home/qlinux/CPP/myPrac/NetProgram/mymuduo/08/build/debug/CMakeFiles/CMakeTmp

Run Build Command(s):/usr/bin/gmake cmTC_9ac39/fast 
/usr/bin/gmake -f CMakeFiles/cmTC_9ac39.dir/build.make CMakeFiles/cmTC_9ac39.dir/build
gmake[1]: Entering directory `/home/qlinux/CPP/myPrac/NetProgram/mymuduo/08/build/debug/CMakeFiles/CMakeTmp'
Building CXX object CMakeFiles/cmTC_9ac39.dir/testCXXCompiler.cxx.o
/apps/sylar/bin/c++     -o CMakeFiles/cmTC_9ac39.dir/testCXXCompiler.cxx.o -c /home/qlinux/CPP/myPrac/NetProgram/mymuduo/08/build/debug/CMakeFiles/CMakeTmp/testCXXCompiler.cxx
Linking CXX executable cmTC_9ac39
/apps/sylar/bin/cmake -E cmake_link_script CMakeFiles/cmTC_9ac39.dir/link.txt --verbose=1
/apps/sylar/bin/c++       -rdynamic CMakeFiles/cmTC_9ac39.dir/testCXXCompiler.cxx.o  -o cmTC_9ac39 
gmake[1]: Leaving directory `/home/qlinux/CPP/myPrac/NetProgram/mymuduo/08/build/debug/CMakeFiles/CMakeTmp'


Detecting CXX compiler ABI info compiled with the following output:
Change Dir: /home/qlinux/CPP/myPrac/NetProgram/mymuduo/08/build/debug/CMakeFiles/CMakeTmp

Run Build Command(s):/usr/bin/gmake cmTC_0141f/fast 
/usr/bin/gmake -f CMakeFiles/cmTC_0141f.dir/build.make CMakeFiles/cmTC_0141f.dir/build
gmake[1]: Entering directory `/home/qlinux/CPP/myPrac/NetProgram/mymuduo/08/build/debug/CMakeFiles/CMakeTmp'
Building CXX object CMakeFiles/cmTC_0141f.dir/CMakeCXXCompilerABI.cpp.o
/apps/sylar/bin/c++    -v -o CMakeFiles/cmTC_0141f.dir/CMakeCXXCompilerABI.cpp.o -c /apps/sylar/share/cmake-3.14/Modules/CMakeCXXCompilerABI.cpp
Using built-in specs.
COLLECT_GCC=/apps/sylar/bin/c++
Target: x86_64-pc-linux-gnu
Configured with: ../configure --enable-checking=release --enable-languages=c,c++ --disable-multilib --prefix=/apps/sylar
Thread model: posix
gcc version 9.1.0 (GCC) 
COLLECT_GCC_OPTIONS='-v' '-o' 'CMakeFiles/cmTC_0141f.dir/CMakeCXXCompilerABI.cpp.o' '-c' '-shared-libgcc' '-mtune=generic' '-march=x86-64'
 /apps/sylar/libexec/gcc/x86_64-pc-linux-gnu/9.1.0/cc1plus -quiet -v -D_GNU_SOURCE /apps/sylar/share/cmake-3.14/Modules/CMakeCXXCompilerABI.cpp -quiet -dumpbase CMakeCXXCompilerABI.cpp -mtune=generic -march=x86-64 -auxbase-strip CMakeFiles/cmTC_0141f.dir/CMakeCXXCompilerABI.cpp.o -version -o /tmp/ccWV1uKo.s
GNU C++14 (GCC) version 9.1.0 (x86_64-pc-linux-gnu)
	compiled by GNU C version 9.1.0, GMP version 6.1.0, MPFR version 3.1.4, MPC version 1.0.3, isl version isl-0.18-GMP

GGC heuristics: --param ggc-min-expand=100 --param ggc-min-heapsize=131072
ignoring nonexistent directory "/apps/sylar/lib/gcc/x86_64-pc-linux-gnu/9.1.0/../../../../x86_64-pc-linux-gnu/include"
#include "..." search starts here:
#include <...> search starts here:
 /apps/sylar/lib/gcc/x86_64-pc-linux-gnu/9.1.0/../../../../include/c++/9.1.0
 /apps/sylar/lib/gcc/x86_64-pc-linux-gnu/9.1.0/../../../../include/c++/9.1.0/x86_64-pc-linux-gnu
 /apps/sylar/lib/gcc/x86_64-pc-linux-gnu/9.1.0/../../../../include/c++/9.1.0/backward
 /apps/sylar/lib/gcc/x86_64-pc-linux-gnu/9.1.0/include
 /usr/local/include
 /apps/sylar/include
 /apps/sylar/lib/gcc/x86_64-pc-linux-gnu/9.1.0/include-fixed
 /usr/include
End of search list.
GNU C++14 (GCC) version 9.1.0 (x86_64-pc-linux-gnu)
	compiled by GNU C version 9.1.0, GMP version 6.1.0, MPFR version 3.1.4, MPC version 1.0.3, isl version isl-0.18-GMP

GGC heuristics: --param ggc-min-expand=100 --param ggc-min-heapsize=131072
Compiler executable checksum: 81d49edcdd2c78233f9c3b682ad8a75d
COLLECT_GCC_OPTIONS='-v' '-o' 'CMakeFiles/cmTC_0141f.dir/CMakeCXXCompilerABI.cpp.o' '-c' '-shared-libgcc' '-mtune=generic' '-march=x86-64'
 as -v --64 -o CMakeFiles/cmTC_0141f.dir/CMakeCXXCompilerABI.cpp.o /tmp/ccWV1uKo.s
GNU assembler version 2.27 (x86_64-redhat-linux) using BFD version version 2.27-44.base.el7
COMPILER_PATH=/apps/sylar/libexec/gcc/x86_64-pc-linux-gnu/9.1.0/:/apps/sylar/libexec/gcc/x86_64-pc-linux-gnu/9.1.0/:/apps/sylar/libexec/gcc/x86_64-pc-linux-gnu/:/apps/sylar/lib/gcc/x86_64-pc-linux-gnu/9.1.0/:/apps/sylar/lib/gcc/x86_64-pc-linux-gnu/
LIBRARY_PATH=/apps/sylar/lib/gcc/x86_64-pc-linux-gnu/9.1.0/:/apps/sylar/lib/gcc/x86_64-pc-linux-gnu/9.1.0/../../../../lib64/:/lib/../lib64/:/usr/lib/../lib64/:/apps/sylar/lib/gcc/x86_64-pc-linux-gnu/9.1.0/../../../:/lib/:/usr/lib/
COLLECT_GCC_OPTIONS='-v' '-o' 'CMakeFiles/cmTC_0141f.dir/CMakeCXXCompilerABI.cpp.o' '-c' '-shared-libgcc' '-mtune=generic' '-march=x86-64'
Linking CXX executable cmTC_0141f
/apps/sylar/bin/cmake -E cmake_link_script CMakeFiles/cmTC_0141f.dir/link.txt --verbose=1
/apps/sylar/bin/c++      -v -rdynamic CMakeFiles/cmTC_0141f.dir/CMakeCXXCompilerABI.cpp.o  -o cmTC_0141f 
Using built-in specs.
COLLECT_GCC=/apps/sylar/bin/c++
COLLECT_LTO_WRAPPER=/apps/sylar/libexec/gcc/x86_64-pc-linux-gnu/9.1.0/lto-wrapper
Target: x86_64-pc-linux-gnu
Configured with: ../configure --enable-checking=release --enable-languages=c,c++ --disable-multilib --prefix=/apps/sylar
Thread model: posix
gcc version 9.1.0 (GCC) 
COMPILER_PATH=/apps/sylar/libexec/gcc/x86_64-pc-linux-gnu/9.1.0/:/apps/sylar/libexec/gcc/x86_64-pc-linux-gnu/9.1.0/:/apps/sylar/libexec/gcc/x86_64-pc-linux-gnu/:/apps/sylar/lib/gcc/x86_64-pc-linux-gnu/9.1.0/:/apps/sylar/lib/gcc/x86_64-pc-linux-gnu/
LIBRARY_PATH=/apps/sylar/lib/gcc/x86_64-pc-linux-gnu/9.1.0/:/apps/sylar/lib/gcc/x86_64-pc-linux-gnu/9.1.0/../../../../lib64/:/lib/../lib64/:/usr/lib/../lib64/:/apps/sylar/lib/gcc/x86_64-pc-linux-gnu/9.1.0/../../../:/lib/:/usr/lib/
COLLECT_GCC_OPTIONS='-v' '-rdynamic' '-o' 'cmTC_0141f' '-shared-libgcc' '-mtune=generic' '-march=x86-64'
 /apps/sylar/libexec/gcc/x86_64-pc-linux-gnu/9.1.0/collect2 -plugin /apps/sylar/libexec/gcc/x86_64-pc-linux-gnu/9.1.0/liblto_plugin.so -plugin-opt=/apps/sylar/libexec/gcc/x86_64-pc-linux-gnu/9.1.0/lto-wrapper -plugin-opt=-fresolution=/tmp/ccWDg1qr.res -plugin-opt=-pass-through=-lgcc_s -plugin-opt=-pass-through=-lgcc -plugin-opt=-pass-through=-lc -plugin-opt=-pass-through=-lgcc_s -plugin-opt=-pass-through=-lgcc --eh-frame-hdr -m elf_x86_64 -export-dynamic -dynamic-linker /lib64/ld-linux-x86-64.so.2 -o cmTC_0141f /lib/../lib64/crt1.o /lib/../lib64/crti.o /apps/sylar/lib/gcc/x86_64-pc-linux-gnu/9.1.0/crtbegin.o -L/apps/sylar/lib/gcc/x86_64-pc-linux-gnu/9.1.0 -L/apps/sylar/lib/gcc/x86_64-pc-linux-gnu/9.1.0/../../../../lib64 -L/lib/../lib64 -L/usr/lib/../lib64 -L/apps/sylar/lib/gcc/x86_64-pc-linux-gnu/9.1.0/../../.. CMakeFiles/cmTC_0141f.dir/CMakeCXXCompilerABI.cpp.o -lstdc++ -lm -lgcc_s -lgcc -lc -lgcc_s -lgcc /apps/sylar/lib/gcc/x86_64-pc-linux-gnu/9.1.0/crtend.o /lib/../lib64/crtn.o
COLLECT_GCC_OPTIONS='-v' '-rdynamic' '-o' 'cmTC_0141f' '-shared-libgcc' '-mtune=generic' '-march=x86-64'
gmake[1]: Leaving directory `/home/qlinux/CPP/myPrac/NetProgram/mymuduo/08/build/debug/CMakeFiles/CMakeTmp'


Parsed CXX implicit include dir info from above output: rv=done
  found start of include info
  found start of implicit include info
    add: [/apps/sylar/lib/gcc/x86_64-pc-linux-gnu/9.1.0/../../../../include/c++/9.1.0]
    add: [/apps/sylar/lib/gcc/x86_64-pc-linux-gnu/9.1.0/../../../../include/c++/9.1.0/x86_64-pc-linux-gnu]
    add: [/apps/sylar/lib/gcc/x86_64-pc-linux-gnu/9.1.0/../../../../include/c++/9.1.0/backward]
    add: [/apps/sylar/lib/gcc/x86_64-pc-linux-gnu/9.1.0/include]
    add: [/usr/local/include]
    add: [/apps/sylar/include]
    add: [/apps/sylar/lib/gcc/x86_64-pc-linux-gnu/9.1.0/include-fixed]
    add: [/usr/include]
  end of search list found
  collapse include dir [/apps/sylar/lib/gcc/x86_64-pc-linux-gnu/9.1.0/../../../../include/c++/9.1.0] ==> [/apps/sylar/include/c++/9.1.0]
  collapse include dir [/apps/sylar/lib/gcc/x86_64-pc-linux-gnu/9.1.0/../../../../include/c++/9.1.0/x86_64-pc-linux-gnu] ==> [/apps/sylar/include/c++/9.1.0/x86_64-pc-linux-gnu]
  collapse include dir [/apps/sylar/lib/gcc/x86_64-pc-linux-gnu/9.1.0/../../../../include/c++/9.1.0/backward] ==> [/apps/sylar/include/c++/9.1.0/backward]
  collapse include dir [/apps/sylar/lib/gcc/x86_64-pc-linux-gnu/9.1.0/include] ==> [/apps/sylar/lib/gcc/x86_64-pc-linux-gnu/9.1.0/include]
  collapse include dir [/usr/local/include] ==> [/usr/local/include]
  collapse include dir [/apps/sylar/include] ==> [/apps/sylar/include]
  collapse include dir [/apps/sylar/lib/gcc/x86_64-pc-linux-gnu/9.1.0/include-fixed] ==> [/apps/sylar/lib/gcc/x86_64-pc-linux-gnu/9.1.0/include-fixed]
  collapse include dir [/usr/include] ==> [/usr/include]
  implicit include dirs: [/apps/sylar/include/c++/9.1.0;/apps/sylar/include/c++/9.1.0/x86_64-pc-linux-gnu;/apps/sylar/include/c++/9.1.0/backward;/apps/sylar/lib/gcc/x86_64-pc-linux-gnu/9.1.0/include;/usr/local/include;/apps/sylar/include;/apps/sylar/lib/gcc/x86_64-pc-linux-gnu/9.1.0/include-fixed;/usr/include]


Parsed CXX implicit link information from above output:
  link line regex: [^( *|.*[/\])(ld|CMAKE_LINK_STARTFILE-NOTFOUND|([^/\]+-)?ld|collect2)[^/\]*( |$)]
  ignore line: [Change Dir: /home/qlinux/CPP/myPrac/NetProgram/mymuduo/08/build/debug/CMakeFiles/CMakeTmp]
  ignore line: []
  ignore line: [Run Build Command(s):/usr/bin/gmake cmTC_0141f/fast ]
  ignore line: [/usr/bin/gmake -f CMakeFiles/cmTC_0141f.dir/build.make CMakeFiles/cmTC_0141f.dir/build]
  ignore line: [gmake[1]: Entering directory `/home/qlinux/CPP/myPrac/NetProgram/mymuduo/08/build/debug/CMakeFiles/CMakeTmp']
  ignore line: [Building CXX object CMakeFiles/cmTC_0141f.dir/CMakeCXXCompilerABI.cpp.o]
  ignore line: [/apps/sylar/bin/c++    -v -o CMakeFiles/cmTC_0141f.dir/CMakeCXXCompilerABI.cpp.o -c /apps/sylar/share/cmake-3.14/Modules/CMakeCXXCompilerABI.cpp]
  ignore line: [Using built-in specs.]
  ignore line: [COLLECT_GCC=/apps/sylar/bin/c++]
  ignore line: [Target: x86_64-pc-linux-gnu]
  ignore line: [Configured with: ../configure --enable-checking=release --enable-languages=c,c++ --disable-multilib --prefix=/apps/sylar]
  ignore line: [Thread model: posix]
  ignore line: [gcc version 9.1.0 (GCC) ]
  ignore line: [COLLECT_GCC_OPTIONS='-v' '-o' 'CMakeFiles/cmTC_0141f.dir/CMakeCXXCompilerABI.cpp.o' '-c' '-shared-libgcc' '-mtune=generic' '-march=x86-64']
  ignore line: [ /apps/sylar/libexec/gcc/x86_64-pc-linux-gnu/9.1.0/cc1plus -quiet -v -D_GNU_SOURCE /apps/sylar/share/cmake-3.14/Modules/CMakeCXXCompilerABI.cpp -quiet -dumpbase CMakeCXXCompilerABI.cpp -mtune=generic -march=x86-64 -auxbase-strip CMakeFiles/cmTC_0141f.dir/CMakeCXXCompilerABI.cpp.o -version -o /tmp/ccWV1uKo.s]
  ignore line: [GNU C++14 (GCC) version 9.1.0 (x86_64-pc-linux-gnu)]
  ignore line: [	compiled by GNU C version 9.1.0, GMP version 6.1.0, MPFR version 3.1.4, MPC version 1.0.3, isl version isl-0.18-GMP]
  ignore line: []
  ignore line: [GGC heuristics: --param ggc-min-expand=100 --param ggc-min-heapsize=131072]
  ignore line: [ignoring nonexistent directory "/apps/sylar/lib/gcc/x86_64-pc-linux-gnu/9.1.0/../../../../x86_64-pc-linux-gnu/include"]
  ignore line: [#include "..." search starts here:]
  ignore line: [#include <...> search starts here:]
  ignore line: [ /apps/sylar/lib/gcc/x86_64-pc-linux-gnu/9.1.0/../../../../include/c++/9.1.0]
  ignore line: [ /apps/sylar/lib/gcc/x86_64-pc-linux-gnu/9.1.0/../../../../include/c++/9.1.0/x86_64-pc-linux-gnu]
  ignore line: [ /apps/sylar/lib/gcc/x86_64-pc-linux-gnu/9.1.0/../../../../include/c++/9.1.0/backward]
  ignore line: [ /apps/sylar/lib/gcc/x86_64-pc-linux-gnu/9.1.0/include]
  ignore line: [ /usr/local/include]
  ignore line: [ /apps/sylar/include]
  ignore line: [ /apps/sylar/lib/gcc/x86_64-pc-linux-gnu/9.1.0/include-fixed]
  ignore line: [ /usr/include]
  ignore line: [End of search list.]
  ignore line: [GNU C++14 (GCC) version 9.1.0 (x86_64-pc-linux-gnu)]
  ignore line: [	compiled by GNU C version 9.1.0, GMP version 6.1.0, MPFR version 3.1.4, MPC version 1.0.3, isl version isl-0.18-GMP]
  ignore line: []
  ignore line: [GGC heuristics: --param ggc-min-expand=100 --param ggc-min-heapsize=131072]
  ignore line: [Compiler executable checksum: 81d49edcdd2c78233f9c3b682ad8a75d]
  ignore line: [COLLECT_GCC_OPTIONS='-v' '-o' 'CMakeFiles/cmTC_0141f.dir/CMakeCXXCompilerABI.cpp.o' '-c' '-shared-libgcc' '-mtune=generic' '-march=x86-64']
  ignore line: [ as -v --64 -o CMakeFiles/cmTC_0141f.dir/CMakeCXXCompilerABI.cpp.o /tmp/ccWV1uKo.s]
  ignore line: [GNU assembler version 2.27 (x86_64-redhat-linux) using BFD version version 2.27-44.base.el7]
  ignore line: [COMPILER_PATH=/apps/sylar/libexec/gcc/x86_64-pc-linux-gnu/9.1.0/:/apps/sylar/libexec/gcc/x86_64-pc-linux-gnu/9.1.0/:/apps/sylar/libexec/gcc/x86_64-pc-linux-gnu/:/apps/sylar/lib/gcc/x86_64-pc-linux-gnu/9.1.0/:/apps/sylar/lib/gcc/x86_64-pc-linux-gnu/]
  ignore line: [LIBRARY_PATH=/apps/sylar/lib/gcc/x86_64-pc-linux-gnu/9.1.0/:/apps/sylar/lib/gcc/x86_64-pc-linux-gnu/9.1.0/../../../../lib64/:/lib/../lib64/:/usr/lib/../lib64/:/apps/sylar/lib/gcc/x86_64-pc-linux-gnu/9.1.0/../../../:/lib/:/usr/lib/]
  ignore line: [COLLECT_GCC_OPTIONS='-v' '-o' 'CMakeFiles/cmTC_0141f.dir/CMakeCXXCompilerABI.cpp.o' '-c' '-shared-libgcc' '-mtune=generic' '-march=x86-64']
  ignore line: [Linking CXX executable cmTC_0141f]
  ignore line: [/apps/sylar/bin/cmake -E cmake_link_script CMakeFiles/cmTC_0141f.dir/link.txt --verbose=1]
  ignore line: [/apps/sylar/bin/c++      -v -rdynamic CMakeFiles/cmTC_0141f.dir/CMakeCXXCompilerABI.cpp.o  -o cmTC_0141f ]
  ignore line: [Using built-in specs.]
  ignore line: [COLLECT_GCC=/apps/sylar/bin/c++]
  ignore line: [COLLECT_LTO_WRAPPER=/apps/sylar/libexec/gcc/x86_64-pc-linux-gnu/9.1.0/lto-wrapper]
  ignore line: [Target: x86_64-pc-linux-gnu]
  ignore line: [Configured with: ../configure --enable-checking=release --enable-languages=c,c++ --disable-multilib --prefix=/apps/sylar]
  ignore line: [Thread model: posix]
  ignore line: [gcc version 9.1.0 (GCC) ]
  ignore line: [COMPILER_PATH=/apps/sylar/libexec/gcc/x86_64-pc-linux-gnu/9.1.0/:/apps/sylar/libexec/gcc/x86_64-pc-linux-gnu/9.1.0/:/apps/sylar/libexec/gcc/x86_64-pc-linux-gnu/:/apps/sylar/lib/gcc/x86_64-pc-linux-gnu/9.1.0/:/apps/sylar/lib/gcc/x86_64-pc-linux-gnu/]
  ignore line: [LIBRARY_PATH=/apps/sylar/lib/gcc/x86_64-pc-linux-gnu/9.1.0/:/apps/sylar/lib/gcc/x86_64-pc-linux-gnu/9.1.0/../../../../lib64/:/lib/../lib64/:/usr/lib/../lib64/:/apps/sylar/lib/gcc/x86_64-pc-linux-gnu/9.1.0/../../../:/lib/:/usr/lib/]
  ignore line: [COLLECT_GCC_OPTIONS='-v' '-rdynamic' '-o' 'cmTC_0141f' '-shared-libgcc' '-mtune=generic' '-march=x86-64']
  link line: [ /apps/sylar/libexec/gcc/x86_64-pc-linux-gnu/9.1.0/collect2 -plugin /apps/sylar/libexec/gcc/x86_64-pc-linux-gnu/9.1.0/liblto_plugin.so -plugin-opt=/apps/sylar/libexec/gcc/x86_64-pc-linux-gnu/9.1.0/lto-wrapper -plugin-opt=-fresolution=/tmp/ccWDg1qr.res -plugin-opt=-pass-through=-lgcc_s -plugin-opt=-pass-through=-lgcc -plugin-opt=-pass-through=-lc -plugin-opt=-pass-through=-lgcc_s -plugin-opt=-pass-through=-lgcc --eh-frame-hdr -m elf_x86_64 -export-dynamic -dynamic-linker /lib64/ld-linux-x86-64.so.2 -o cmTC_0141f /lib/../lib64/crt1.o /lib/../lib64/crti.o /apps/sylar/lib/gcc/x86_64-pc-linux-gnu/9.1.0/crtbegin.o -L/apps/sylar/lib/gcc/x86_64-pc-linux-gnu/9.1.0 -L/apps/sylar/lib/gcc/x86_64-pc-linux-gnu/9.1.0/../../../../lib64 -L/lib/../lib64 -L/usr/lib/../lib64 -L/apps/sylar/lib/gcc/x86_64-pc-linux-gnu/9.1.0/../../.. CMakeFiles/cmTC_0141f.dir/CMakeCXXCompilerABI.cpp.o -lstdc++ -lm -lgcc_s -lgcc -lc -lgcc_s -lgcc /apps/sylar/lib/gcc/x86_64-pc-linux-gnu/9.1.0/crtend.o /lib/../lib64/crtn.o]
    arg [/apps/sylar/libexec/gcc/x86_64-pc-linux-gnu/9.1.0/collect2] ==> ignore
    arg [-plugin] ==> ignore
    arg [/apps/sylar/libexec/gcc/x86_64-pc-linux-gnu/9.1.0/liblto_plugin.so] ==> ignore
    arg [-plugin-opt=/apps/sylar/libexec/gcc/x86_64-pc-linux-gnu/9.1.0/lto-wrapper] ==> ignore
    arg [-plugin-opt=-fresolution=/tmp/ccWDg1qr.res] ==> ignore
    arg [-plugin-opt=-pass-through=-lgcc_s] ==> ignore
    arg [-plugin-opt=-pass-through=-lgcc] ==> ignore
    arg [-plugin-opt=-pass-through=-lc] ==> ignore
    arg [-plugin-opt=-pass-through=-lgcc_s] ==> ignore
    arg [-plugin-opt=-pass-through=-lgcc] ==> ignore
    arg [--eh-frame-hdr] ==> ignore
    arg [-m] ==> ignore
    arg [elf_x86_64] ==> ignore
    arg [-export-dynamic] ==> ignore
    arg [-dynamic-linker] ==> ignore
    arg [/lib64/ld-linux-x86-64.so.2] ==> ignore
    arg [-o] ==> ignore
    arg [cmTC_0141f] ==> ignore
    arg [/lib/../lib64/crt1.o] ==> ignore
    arg [/lib/../lib64/crti.o] ==> ignore
    arg [/apps/sylar/lib/gcc/x86_64-pc-linux-gnu/9.1.0/crtbegin.o] ==> ignore
    arg [-L/apps/sylar/lib/gcc/x86_64-pc-linux-gnu/9.1.0] ==> dir [/apps/sylar/lib/gcc/x86_64-pc-linux-gnu/9.1.0]
    arg [-L/apps/sylar/lib/gcc/x86_64-pc-linux-gnu/9.1.0/../../../../lib64] ==> dir [/apps/sylar/lib/gcc/x86_64-pc-linux-gnu/9.1.0/../../../../lib64]
    arg [-L/lib/../lib64] ==> dir [/lib/../lib64]
    arg [-L/usr/lib/../lib64] ==> dir [/usr/lib/../lib64]
    arg [-L/apps/sylar/lib/gcc/x86_64-pc-linux-gnu/9.1.0/../../..] ==> dir [/apps/sylar/lib/gcc/x86_64-pc-linux-gnu/9.1.0/../../..]
    arg [CMakeFiles/cmTC_0141f.dir/CMakeCXXCompilerABI.cpp.o] ==> ignore
    arg [-lstdc++] ==> lib [stdc++]
    arg [-lm] ==> lib [m]
    arg [-lgcc_s] ==> lib [gcc_s]
    arg [-lgcc] ==> lib [gcc]
    arg [-lc] ==> lib [c]
    arg [-lgcc_s] ==> lib [gcc_s]
    arg [-lgcc] ==> lib [gcc]
    arg [/apps/sylar/lib/gcc/x86_64-pc-linux-gnu/9.1.0/crtend.o] ==> ignore
    arg [/lib/../lib64/crtn.o] ==> ignore
  collapse library dir [/apps/sylar/lib/gcc/x86_64-pc-linux-gnu/9.1.0] ==> [/apps/sylar/lib/gcc/x86_64-pc-linux-gnu/9.1.0]
  collapse library dir [/apps/sylar/lib/gcc/x86_64-pc-linux-gnu/9.1.0/../../../../lib64] ==> [/apps/sylar/lib64]
  collapse library dir [/lib/../lib64] ==> [/lib64]
  collapse library dir [/usr/lib/../lib64] ==> [/usr/lib64]
  collapse library dir [/apps/sylar/lib/gcc/x86_64-pc-linux-gnu/9.1.0/../../..] ==> [/apps/sylar/lib]
  implicit libs: [stdc++;m;gcc_s;gcc;c;gcc_s;gcc]
  implicit dirs: [/apps/sylar/lib/gcc/x86_64-pc-linux-gnu/9.1.0;/apps/sylar/lib64;/lib64;/usr/lib64;/apps/sylar/lib]
  implicit fwks: []




Detecting CXX [-std=c++2a] compiler features compiled with the following output:
Change Dir: /home/qlinux/CPP/myPrac/NetProgram/mymuduo/08/build/debug/CMakeFiles/CMakeTmp

Run Build Command(s):/usr/bin/gmake cmTC_9bd0a/fast 
/usr/bin/gmake -f CMakeFiles/cmTC_9bd0a.dir/build.make CMakeFiles/cmTC_9bd0a.dir/build
gmake[1]: Entering directory `/home/qlinux/CPP/myPrac/NetProgram/mymuduo/08/build/debug/CMakeFiles/CMakeTmp'
Building CXX object CMakeFiles/cmTC_9bd0a.dir/feature_tests.cxx.o
/apps/sylar/bin/c++    -std=c++2a -o CMakeFiles/cmTC_9bd0a.dir/feature_tests.cxx.o -c /home/qlinux/CPP/myPrac/NetProgram/mymuduo/08/build/debug/CMakeFiles/feature_tests.cxx
Linking CXX executable cmTC_9bd0a
/apps/sylar/bin/cmake -E cmake_link_script CMakeFiles/cmTC_9bd0a.dir/link.txt --verbose=1
/apps/sylar/bin/c++       -rdynamic CMakeFiles/cmTC_9bd0a.dir/feature_tests.cxx.o  -o cmTC_9bd0a 
gmake[1]: Leaving directory `/home/qlinux/CPP/myPrac/NetProgram/mymuduo/08/build/debug/CMakeFiles/CMakeTmp'


    Feature record: CXX_FEATURE:1cxx_aggregate_default_initializers
    Feature record: CXX_FEATURE:1cxx_alias_templates
    Feature record: CXX_FEATURE:1cxx_alignas
    Feature record: CXX_FEATURE:1cxx_alignof
    Feature record: CXX_FEATURE:1cxx_attributes
    Feature record: CXX_FEATURE:1cxx_attribute_deprecated
    Feature record: CXX_FEATURE:1cxx_auto_type
    Feature record: CXX_FEATURE:1cxx_binary_literals
    Feature record: CXX_FEATURE:1cxx_constexpr
    Feature record: CXX_FEATURE:1cxx_contextual_conversions
    Feature record: CXX_FEATURE:1cxx_decltype
    Feature record: CXX_FEATURE:1cxx_decltype_auto
    Feature record: CXX_FEATURE:1cxx_decltype_incomplete_return_types
    Feature record: CXX_FEATURE:1cxx_default_function_template_args
    Feature record: CXX_FEATURE:1cxx_defaulted_functions
    Feature record: CXX_FEATURE:1cxx_defaulted_move_initializers
    Feature record: CXX_FEATURE:1cxx_delegating_constructors
    Feature record: CXX_FEATURE:1cxx_deleted_functions
    Feature record: CXX_FEATURE:1cxx_digit_separators
    Feature record: CXX_FEATURE:1cxx_enum_forward_declarations
    Feature record: CXX_FEATURE:1cxx_explicit_conversions
    Feature record: CXX_FEATURE:1cxx_extended_friend_declarations
    Feature record: CXX_FEATURE:1cxx_extern_templates
    Feature record: CXX_FEATURE:1cxx_final
    Feature record: CXX_FEATURE:1cxx_func_identifier
    Feature record: CXX_FEATURE:1cxx_generalized_initializers
    Feature record: CXX_FEATURE:1cxx_generic_lambdas
    Feature record: CXX_FEATURE:1cxx_inheriting_constructors
    Feature record: CXX_FEATURE:1cxx_inline_namespaces
    Feature record: CXX_FEATURE:1cxx_lambdas
    Feature record: CXX_FEATURE:1cxx_lambda_init_captures
    Feature record: CXX_FEATURE:1cxx_local_type_template_args
    Feature record: CXX_FEATURE:1cxx_long_long_type
    Feature record: CXX_FEATURE:1cxx_noexcept
    Feature record: CXX_FEATURE:1cxx_nonstatic_member_init
    Feature record: CXX_FEATURE:1cxx_nullptr
    Feature record: CXX_FEATURE:1cxx_override
    Feature record: CXX_FEATURE:1cxx_range_for
    Feature record: CXX_FEATURE:1cxx_raw_string_literals
    Feature record: CXX_FEATURE:1cxx_reference_qualified_functions
    Feature record: CXX_FEATURE:1cxx_relaxed_constexpr
    Feature record: CXX_FEATURE:1cxx_return_type_deduction
    Feature record: CXX_FEATURE:1cxx_right_angle_brackets
    Feature record: CXX_FEATURE:1cxx_rvalue_references
    Feature record: CXX_FEATURE:1cxx_sizeof_member
    Feature record: CXX_FEATURE:1cxx_static_assert
    Feature record: CXX_FEATURE:1cxx_strong_enums
    Feature record: CXX_FEATURE:1cxx_template_template_parameters
    Feature record: CXX_FEATURE:1cxx_thread_local
    Feature record: CXX_FEATURE:1cxx_trailing_return_types
    Feature record: CXX_FEATURE:1cxx_unicode_literals
    Feature record: CXX_FEATURE:1cxx_uniform_initialization
    Feature record: CXX_FEATURE:1cxx_unrestricted_unions
    Feature record: CXX_FEATURE:1cxx_user_literals
    Feature record: CXX_FEATURE:1cxx_variable_templates
    Feature record: CXX_FEATURE:1cxx_variadic_macros
    Feature record: CXX_FEATURE:1cxx_variadic_templates


Detecting CXX [-std=c++17] compiler features compiled with the following output:
Change Dir: /home/qlinux/CPP/myPrac/NetProgram/mymuduo/08/build/debug/CMakeFiles/CMakeTmp

Run Build Command(s):/usr/bin/gmake cmTC_caf69/fast 
/usr/bin/gmake -f CMakeFiles/cmTC_caf69.dir/build.make CMakeFiles/cmTC_caf69.dir/build
gmake[1]: Entering directory `/home/qlinux/CPP/myPrac/NetProgram/mymuduo/08/build/debug/CMakeFiles/CMakeTmp'
Building CXX object CMakeFiles/cmTC_caf69.dir/feature_tests.cxx.o
/apps/sylar/bin/c++    -std=c++17 -o CMakeFiles/cmTC_caf69.dir/feature_tests.cxx.o -c /home/qlinux/CPP/myPrac/NetProgram/mymuduo/08/build/debug/CMakeFiles/feature_tests.cxx
Linking CXX executable cmTC_caf69
/apps/sylar/bin/cmake -E cmake_link_script CMakeFiles/cmTC_caf69.dir/link.txt --verbose=1
/apps/sylar/bin/c++       -rdynamic CMakeFiles/cmTC_caf69.dir/feature_tests.cxx.o  -o cmTC_caf69 
gmake[1]: Leaving directory `/home/qlinux/CPP/myPrac/NetProgram/mymuduo/08/build/debug/CMakeFiles/CMakeTmp'


    Feature record: CXX_FEATURE:1cxx_aggregate_default_initializers
    Feature record: CXX_FEATURE:1cxx_alias_templates
    Feature record: CXX_FEATURE:1cxx_alignas
    Feature record: CXX_FEATURE:1cxx_alignof
    Feature record: CXX_FEATURE:1cxx_attributes
    Feature record: CXX_FEATURE:1cxx_attribute_deprecated
    Feature record: CXX_FEATURE:1cxx_auto_type
    Feature record: CXX_FEATURE:1cxx_binary_literals
    Feature record: CXX_FEATURE:1cxx_constexpr
    Feature record: CXX_FEATURE:1cxx_contextual_conversions
    Feature record: CXX_FEATURE:1cxx_decltype
    Feature record: CXX_FEATURE:1cxx_decltype_auto
    Feature record: CXX_FEATURE:1cxx_decltype_incomplete_return_types
    Feature record: CXX_FEATURE:1cxx_default_function_template_args
    Feature record: CXX_FEATURE:1cxx_defaulted_functions
    Feature record: CXX_FEATURE:1cxx_defaulted_move_initializers
    Feature record: CXX_FEATURE:1cxx_delegating_constructors
    Feature record: CXX_FEATURE:1cxx_deleted_functions
    Feature record: CXX_FEATURE:1cxx_digit_separators
    Feature record: CXX_FEATURE:1cxx_enum_forward_declarations
    Feature record: CXX_FEATURE:1cxx_explicit_conversions
    Feature record: CXX_FEATURE:1cxx_extended_friend_declarations
    Feature record: CXX_FEATURE:1cxx_extern_templates
    Feature record: CXX_FEATURE:1cxx_final
    Feature record: CXX_FEATURE:1cxx_func_identifier
    Feature record: CXX_FEATURE:1cxx_generalized_initializers
    Feature record: CXX_FEATURE:1cxx_generic_lambdas
    Feature record: CXX_FEATURE:1cxx_inheriting_constructors
    Feature record: CXX_FEATURE:1cxx_inline_namespaces
    Feature record: CXX_FEATURE:1cxx_lambdas
    Feature record: CXX_FEATURE:1cxx_lambda_init_captures
    Feature record: CXX_FEATURE:1cxx_local_type_template_args
    Feature record: CXX_FEATURE:1cxx_long_long_type
    Feature record: CXX_FEATURE:1cxx_noexcept
    Feature record: CXX_FEATURE:1cxx_nonstatic_member_init
    Feature record: CXX_FEATURE:1cxx_nullptr
    Feature record: CXX_FEATURE:1cxx_override
    Feature record: CXX_FEATURE:1cxx_range_for
    Feature record: CXX_FEATURE:1cxx_raw_string_literals
    Feature record: CXX_FEATURE:1cxx_reference_qualified_functions
    Feature record: CXX_FEATURE:1cxx_relaxed_constexpr
    Feature record: CXX_FEATURE:1cxx_return_type_deduction
    Feature record: CXX_FEATURE:1cxx_right_angle_brackets
    Feature record: CXX_FEATURE:1cxx_rvalue_references
    Feature record: CXX_FEATURE:1cxx_sizeof_member
    Feature record: CXX_FEATURE:1cxx_static_assert
    Feature record: CXX_FEATURE:1cxx_strong_enums
    Feature record: CXX_FEATURE:1cxx_template_template_parameters
    Feature record: CXX_FEATURE:1cxx_thread_local
    Feature record: CXX_FEATURE:1cxx_trailing_return_types
    Feature record: CXX_FEATURE:1cxx_unicode_literals
    Feature record: CXX_FEATURE:1cxx_uniform_initialization
    Feature record: CXX_FEATURE:1cxx_unrestricted_unions
    Feature record: CXX_FEATURE:1cxx_user_literals
    Feature record: CXX_FEATURE:1cxx_variable_templates
    Feature record: CXX_FEATURE:1cxx_variadic_macros
    Feature record: CXX_FEATURE:1cxx_variadic_templates


Detecting CXX [-std=c++14] compiler features compiled with the following output:
Change Dir: /home/qlinux/CPP/myPrac/NetProgram/mymuduo/08/build/debug/CMakeFiles/CMakeTmp

Run Build Command(s):/usr/bin/gmake cmTC_2d51c/fast 
/usr/bin/gmake -f CMakeFiles/cmTC_2d51c.dir/build.make CMakeFiles/cmTC_2d51c.dir/build
gmake[1]: Entering directory `/home/qlinux/CPP/myPrac/NetProgram/mymuduo/08/build/debug/CMakeFiles/CMakeTmp'
Building CXX object CMakeFiles/cmTC_2d51c.dir/feature_tests.cxx.o
/apps/sylar/bin/c++    -std=c++14 -o CMakeFiles/cmTC_2d51c.dir/feature_tests.cxx.o -c /home/qlinux/CPP/myPrac/NetProgram/mymuduo/08/build/debug/CMakeFiles/feature_tests.cxx
Linking CXX executable cmTC_2d51c
/apps/sylar/bin/cmake -E cmake_link_script CMakeFiles/cmTC_2d51c.dir/link.txt --verbose=1
/apps/sylar/bin/c++       -rdynamic CMakeFiles/cmTC_2d51c.dir/feature_tests.cxx.o  -o cmTC_2d51c 
gmake[1]: Leaving directory `/home/qlinux/CPP/myPrac/NetProgram/mymuduo/08/build/debug/CMakeFiles/CMakeTmp'


    Feature record: CXX_FEATURE:1cxx_aggregate_default_initializers
    Feature record: CXX_FEATURE:1cxx_alias_templates
    Feature record: CXX_FEATURE:1cxx_alignas
    Feature record: CXX_FEATURE:1cxx_alignof
    Feature record: CXX_FEATURE:1cxx_attributes
    Feature record: CXX_FEATURE:1cxx_attribute_deprecated
    Feature record: CXX_FEATURE:1cxx_auto_type
    Feature record: CXX_FEATURE:1cxx_binary_literals
    Feature record: CXX_FEATURE:1cxx_constexpr
    Feature record: CXX_FEATURE:1cxx_contextual_conversions
    Feature record: CXX_FEATURE:1cxx_decltype
    Feature record: CXX_FEATURE:1cxx_decltype_auto
    Feature record: CXX_FEATURE:1cxx_decltype_incomplete_return_types
    Feature record: CXX_FEATURE:1cxx_default_function_template_args
    Feature record: CXX_FEATURE:1cxx_defaulted_functions
    Feature record: CXX_FEATURE:1cxx_defaulted_move_initializers
    Feature record: CXX_FEATURE:1cxx_delegating_constructors
    Feature record: CXX_FEATURE:1cxx_deleted_functions
    Feature record: CXX_FEATURE:1cxx_digit_separators
    Feature record: CXX_FEATURE:1cxx_enum_forward_declarations
    Feature record: CXX_FEATURE:1cxx_explicit_conversions
    Feature record: CXX_FEATURE:1cxx_extended_friend_declarations
    Feature record: CXX_FEATURE:1cxx_extern_templates
    Feature record: CXX_FEATURE:1cxx_final
    Feature record: CXX_FEATURE:1cxx_func_identifier
    Feature record: CXX_FEATURE:1cxx_generalized_initializers
    Feature record: CXX_FEATURE:1cxx_generic_lambdas
    Feature record: CXX_FEATURE:1cxx_inheriting_constructors
    Feature record: CXX_FEATURE:1cxx_inline_namespaces
    Feature record: CXX_FEATURE:1cxx_lambdas
    Feature record: CXX_FEATURE:1cxx_lambda_init_captures
    Feature record: CXX_FEATURE:1cxx_local_type_template_args
    Feature record: CXX_FEATURE:1cxx_long_long_type
    Feature record: CXX_FEATURE:1cxx_noexcept
    Feature record: CXX_FEATURE:1cxx_nonstatic_member_init
    Feature record: CXX_FEATURE:1cxx_nullptr
    Feature record: CXX_FEATURE:1cxx_override
    Feature record: CXX_FEATURE:1cxx_range_for
    Feature record: CXX_FEATURE:1cxx_raw_string_literals
    Feature record: CXX_FEATURE:1cxx_reference_qualified_functions
    Feature record: CXX_FEATURE:1cxx_relaxed_constexpr
    Feature record: CXX_FEATURE:1cxx_return_type_deduction
    Feature record: CXX_FEATURE:1cxx_right_angle_brackets
    Feature record: CXX_FEATURE:1cxx_rvalue_references
    Feature record: CXX_FEATURE:1cxx_sizeof_member
    Feature record: CXX_FEATURE:1cxx_static_assert
    Feature record: CXX_FEATURE:1cxx_strong_enums
    Feature record: CXX_FEATURE:1cxx_template_template_parameters
    Feature record: CXX_FEATURE:1cxx_thread_local
    Feature record: CXX_FEATURE:1cxx_trailing_return_types
    Feature record: CXX_FEATURE:1cxx_unicode_literals
    Feature record: CXX_FEATURE:1cxx_uniform_initialization
    Feature record: CXX_FEATURE:1cxx_unrestricted_unions
    Feature record: CXX_FEATURE:1cxx_user_literals
    Feature record: CXX_FEATURE:1cxx_variable_templates
    Feature record: CXX_FEATURE:1cxx_variadic_macros
    Feature record: CXX_FEATURE:1cxx_variadic_templates


Detecting CXX [-std=c++11] compiler features compiled with the following output:
Change Dir: /home/qlinux/CPP/myPrac/NetProgram/mymuduo/08/build/debug/CMakeFiles/CMakeTmp

Run Build Command(s):/usr/bin/gmake cmTC_2e04f/fast 
/usr/bin/gmake -f CMakeFiles/cmTC_2e04f.dir/build.make CMakeFiles/cmTC_2e04f.dir/build
gmake[1]: Entering directory `/home/qlinux/CPP/myPrac/NetProgram/mymuduo/08/build/debug/CMakeFiles/CMakeTmp'
Building CXX object CMakeFiles/cmTC_2e04f.dir/feature_tests.cxx.o
/apps/sylar/bin/c++    -std=c++11 -o CMakeFiles/cmTC_2e04f.dir/feature_tests.cxx.o -c /home/qlinux/CPP/myPrac/NetProgram/mymuduo/08/build/debug/CMakeFiles/feature_tests.cxx
Linking CXX executable cmTC_2e04f
/apps/sylar/bin/cmake -E cmake_link_script CMakeFiles/cmTC_2e04f.dir/link.txt --verbose=1
/apps/sylar/bin/c++       -rdynamic CMakeFiles/cmTC_2e04f.dir/feature_tests.cxx.o  -o cmTC_2e04f 
gmake[1]: Leaving directory `/home/qlinux/CPP/myPrac/NetProgram/mymuduo/08/build/debug/CMakeFiles/CMakeTmp'


    Feature record: CXX_FEATURE:0cxx_aggregate_default_initializers
    Feature record: CXX_FEATURE:1cxx_alias_templates
    Feature record: CXX_FEATURE:1cxx_alignas
    Feature record: CXX_FEATURE:1cxx_alignof
    Feature record: CXX_FEATURE:1cxx_attributes
    Feature record: CXX_FEATURE:0cxx_attribute_deprecated
    Feature record: CXX_FEATURE:1cxx_auto_type
    Feature record: CXX_FEATURE:0cxx_binary_literals
    Feature record: CXX_FEATURE:1cxx_constexpr
    Feature record: CXX_FEATURE:0cxx_contextual_conversions
    Feature record: CXX_FEATURE:1cxx_decltype
    Feature record: CXX_FEATURE:0cxx_decltype_auto
    Feature record: CXX_FEATURE:1cxx_decltype_incomplete_return_types
    Feature record: CXX_FEATURE:1cxx_default_function_template_args
    Feature record: CXX_FEATURE:1cxx_defaulted_functions
    Feature record: CXX_FEATURE:1cxx_defaulted_move_initializers
    Feature record: CXX_FEATURE:1cxx_delegating_constructors
    Feature record: CXX_FEATURE:1cxx_deleted_functions
    Feature record: CXX_FEATURE:0cxx_digit_separators
    Feature record: CXX_FEATURE:1cxx_enum_forward_declarations
    Feature record: CXX_FEATURE:1cxx_explicit_conversions
    Feature record: CXX_FEATURE:1cxx_extended_friend_declarations
    Feature record: CXX_FEATURE:1cxx_extern_templates
    Feature record: CXX_FEATURE:1cxx_final
    Feature record: CXX_FEATURE:1cxx_func_identifier
    Feature record: CXX_FEATURE:1cxx_generalized_initializers
    Feature record: CXX_FEATURE:0cxx_generic_lambdas
    Feature record: CXX_FEATURE:1cxx_inheriting_constructors
    Feature record: CXX_FEATURE:1cxx_inline_namespaces
    Feature record: CXX_FEATURE:1cxx_lambdas
    Feature record: CXX_FEATURE:0cxx_lambda_init_captures
    Feature record: CXX_FEATURE:1cxx_local_type_template_args
    Feature record: CXX_FEATURE:1cxx_long_long_type
    Feature record: CXX_FEATURE:1cxx_noexcept
    Feature record: CXX_FEATURE:1cxx_nonstatic_member_init
    Feature record: CXX_FEATURE:1cxx_nullptr
    Feature record: CXX_FEATURE:1cxx_override
    Feature record: CXX_FEATURE:1cxx_range_for
    Feature record: CXX_FEATURE:1cxx_raw_string_literals
    Feature record: CXX_FEATURE:1cxx_reference_qualified_functions
    Feature record: CXX_FEATURE:0cxx_relaxed_constexpr
    Feature record: CXX_FEATURE:0cxx_return_type_deduction
    Feature record: CXX_FEATURE:1cxx_right_angle_brackets
    Feature record: CXX_FEATURE:1cxx_rvalue_references
    Feature record: CXX_FEATURE:1cxx_sizeof_member
    Feature record: CXX_FEATURE:1cxx_static_assert
    Feature record: CXX_FEATURE:1cxx_strong_enums
    Feature record: CXX_FEATURE:1cxx_template_template_parameters
    Feature record: CXX_FEATURE:1cxx_thread_local
    Feature record: CXX_FEATURE:1cxx_trailing_return_types
    Feature record: CXX_FEATURE:1cxx_unicode_literals
    Feature record: CXX_FEATURE:1cxx_uniform_initialization
    Feature record: CXX_FEATURE:1cxx_unrestricted_unions
    Feature record: CXX_FEATURE:1cxx_user_literals
    Feature record: CXX_FEATURE:0cxx_variable_templates
    Feature record: CXX_FEATURE:1cxx_variadic_macros
    Feature record: CXX_FEATURE:1cxx_variadic_templates


Detecting CXX [-std=c++98] compiler features compiled with the following output:
Change Dir: /home/qlinux/CPP/myPrac/NetProgram/mymuduo/08/build/debug/CMakeFiles/CMakeTmp

Run Build Command(s):/usr/bin/gmake cmTC_bedec/fast 
/usr/bin/gmake -f CMakeFiles/cmTC_bedec.dir/build.make CMakeFiles/cmTC_bedec.dir/build
gmake[1]: Entering directory `/home/qlinux/CPP/myPrac/NetProgram/mymuduo/08/build/debug/CMakeFiles/CMakeTmp'
Building CXX object CMakeFiles/cmTC_bedec.dir/feature_tests.cxx.o
/apps/sylar/bin/c++    -std=c++98 -o CMakeFiles/cmTC_bedec.dir/feature_tests.cxx.o -c /home/qlinux/CPP/myPrac/NetProgram/mymuduo/08/build/debug/CMakeFiles/feature_tests.cxx
Linking CXX executable cmTC_bedec
/apps/sylar/bin/cmake -E cmake_link_script CMakeFiles/cmTC_bedec.dir/link.txt --verbose=1
/apps/sylar/bin/c++       -rdynamic CMakeFiles/cmTC_bedec.dir/feature_tests.cxx.o  -o cmTC_bedec 
gmake[1]: Leaving directory `/home/qlinux/CPP/myPrac/NetProgram/mymuduo/08/build/debug/CMakeFiles/CMakeTmp'


    Feature record: CXX_FEATURE:0cxx_aggregate_default_initializers
    Feature record: CXX_FEATURE:0cxx_alias_templates
    Feature record: CXX_FEATURE:0cxx_alignas
    Feature record: CXX_FEATURE:0cxx_alignof
    Feature record: CXX_FEATURE:0cxx_attributes
    Feature record: CXX_FEATURE:0cxx_attribute_deprecated
    Feature record: CXX_FEATURE:0cxx_auto_type
    Feature record: CXX_FEATURE:0cxx_binary_literals
    Feature record: CXX_FEATURE:0cxx_constexpr
    Feature record: CXX_FEATURE:0cxx_contextual_conversions
    Feature record: CXX_FEATURE:0cxx_decltype
    Feature record: CXX_FEATURE:0cxx_decltype_auto
    Feature record: CXX_FEATURE:0cxx_decltype_incomplete_return_types
    Feature record: CXX_FEATURE:0cxx_default_function_template_args
    Feature record: CXX_FEATURE:0cxx_defaulted_functions
    Feature record: CXX_FEATURE:0cxx_defaulted_move_initializers
    Feature record: CXX_FEATURE:0cxx_delegating_constructors
    Feature record: CXX_FEATURE:0cxx_deleted_functions
    Feature record: CXX_FEATURE:0cxx_digit_separators
    Feature record: CXX_FEATURE:0cxx_enum_forward_declarations
    Feature record: CXX_FEATURE:0cxx_explicit_conversions
    Feature record: CXX_FEATURE:0cxx_extended_friend_declarations
    Feature record: CXX_FEATURE:0cxx_extern_templates
    Feature record: CXX_FEATURE:0cxx_final
    Feature record: CXX_FEATURE:0cxx_func_identifier
    Feature record: CXX_FEATURE:0cxx_generalized_initializers
    Feature record: CXX_FEATURE:0cxx_generic_lambdas
    Feature record: CXX_FEATURE:0cxx_inheriting_constructors
    Feature record: CXX_FEATURE:0cxx_inline_namespaces
    Feature record: CXX_FEATURE:0cxx_lambdas
    Feature record: CXX_FEATURE:0cxx_lambda_init_captures
    Feature record: CXX_FEATURE:0cxx_local_type_template_args
    Feature record: CXX_FEATURE:0cxx_long_long_type
    Feature record: CXX_FEATURE:0cxx_noexcept
    Feature record: CXX_FEATURE:0cxx_nonstatic_member_init
    Feature record: CXX_FEATURE:0cxx_nullptr
    Feature record: CXX_FEATURE:0cxx_override
    Feature record: CXX_FEATURE:0cxx_range_for
    Feature record: CXX_FEATURE:0cxx_raw_string_literals
    Feature record: CXX_FEATURE:0cxx_reference_qualified_functions
    Feature record: CXX_FEATURE:0cxx_relaxed_constexpr
    Feature record: CXX_FEATURE:0cxx_return_type_deduction
    Feature record: CXX_FEATURE:0cxx_right_angle_brackets
    Feature record: CXX_FEATURE:0cxx_rvalue_references
    Feature record: CXX_FEATURE:0cxx_sizeof_member
    Feature record: CXX_FEATURE:0cxx_static_assert
    Feature record: CXX_FEATURE:0cxx_strong_enums
    Feature record: CXX_FEATURE:1cxx_template_template_parameters
    Feature record: CXX_FEATURE:0cxx_thread_local
    Feature record: CXX_FEATURE:0cxx_trailing_return_types
    Feature record: CXX_FEATURE:0cxx_unicode_literals
    Feature record: CXX_FEATURE:0cxx_uniform_initialization
    Feature record: CXX_FEATURE:0cxx_unrestricted_unions
    Feature record: CXX_FEATURE:0cxx_user_literals
    Feature record: CXX_FEATURE:0cxx_variable_templates
    Feature record: CXX_FEATURE:0cxx_variadic_macros
    Feature record: CXX_FEATURE:0cxx_variadic_templates
Determining if the include file pthread.h exists passed with the following output:
Change Dir: /home/qlinux/CPP/myPrac/NetProgram/mymuduo/08/build/debug/CMakeFiles/CMakeTmp

Run Build Command(s):/usr/bin/gmake cmTC_8ee01/fast 
/usr/bin/gmake -f CMakeFiles/cmTC_8ee01.dir/build.make CMakeFiles/cmTC_8ee01.dir/build
gmake[1]: Entering directory `/home/qlinux/CPP/myPrac/NetProgram/mymuduo/08/build/debug/CMakeFiles/CMakeTmp'
Building CXX object CMakeFiles/cmTC_8ee01.dir/CheckIncludeFile.cxx.o
/apps/sylar/bin/c++    -g -D_FILE_OFFSET_BITS=64 -Wall -Wextra -Werror -Wconversion -Wno-unused-parameter -Wold-style-cast -Woverloaded-virtual -Wpointer-arith -Wshadow -Wwrite-strings -march=native -rdynamic    -o CMakeFiles/cmTC_8ee01.dir/CheckIncludeFile.cxx.o -c /home/qlinux/CPP/myPrac/NetProgram/mymuduo/08/build/debug/CMakeFiles/CMakeTmp/CheckIncludeFile.cxx
Linking CXX executable cmTC_8ee01
/apps/sylar/bin/cmake -E cmake_link_script CMakeFiles/cmTC_8ee01.dir/link.txt --verbose=1
/apps/sylar/bin/c++  -g -D_FILE_OFFSET_BITS=64 -Wall -Wextra -Werror -Wconversion -Wno-unused-parameter -Wold-style-cast -Woverloaded-virtual -Wpointer-arith -Wshadow -Wwrite-strings -march=native -rdynamic     -rdynamic CMakeFiles/cmTC_8ee01.dir/CheckIncludeFile.cxx.o  -o cmTC_8ee01 
gmake[1]: Leaving directory `/home/qlinux/CPP/myPrac/NetProgram/mymuduo/08/build/debug/CMakeFiles/CMakeTmp'


Determining if the function pthread_create exists in the pthread passed with the following output:
Change Dir: /home/qlinux/CPP/myPrac/NetProgram/mymuduo/08/build/debug/CMakeFiles/CMakeTmp

Run Build Command(s):/usr/bin/gmake cmTC_cd5b2/fast 
/usr/bin/gmake -f CMakeFiles/cmTC_cd5b2.dir/build.make CMakeFiles/cmTC_cd5b2.dir/build
gmake[1]: Entering directory `/home/qlinux/CPP/myPrac/NetProgram/mymuduo/08/build/debug/CMakeFiles/CMakeTmp'
Building CXX object CMakeFiles/cmTC_cd5b2.dir/CheckFunctionExists.cxx.o
/apps/sylar/bin/c++    -g -D_FILE_OFFSET_BITS=64 -Wall -Wextra -Werror -Wconversion -Wno-unused-parameter -Wold-style-cast -Woverloaded-virtual -Wpointer-arith -Wshadow -Wwrite-strings -march=native -rdynamic -DCHECK_FUNCTION_EXISTS=pthread_create   -o CMakeFiles/cmTC_cd5b2.dir/CheckFunctionExists.cxx.o -c /home/qlinux/CPP/myPrac/NetProgram/mymuduo/08/build/debug/CMakeFiles/CheckLibraryExists/CheckFunctionExists.cxx
Linking CXX executable cmTC_cd5b2
/apps/sylar/bin/cmake -E cmake_link_script CMakeFiles/cmTC_cd5b2.dir/link.txt --verbose=1
/apps/sylar/bin/c++  -g -D_FILE_OFFSET_BITS=64 -Wall -Wextra -Werror -Wconversion -Wno-unused-parameter -Wold-style-cast -Woverloaded-virtual -Wpointer-arith -Wshadow -Wwrite-strings -march=native -rdynamic -DCHECK_FUNCTION_EXISTS=pthread_create    -rdynamic CMakeFiles/cmTC_cd5b2.dir/CheckFunctionExists.cxx.o  -o cmTC_cd5b2 -lpthread 
gmake[1]: Leaving directory `/home/qlinux/CPP/myPrac/NetProgram/mymuduo/08/build/debug/CMakeFiles/CMakeTmp'


